<?xml version="1.0" encoding="UTF-8"?>
<testng-results ignored="0" total="4" passed="4" failed="0" skipped="0">
  <reporter-output>
  </reporter-output>
  <suite started-at="2023-10-04T18:13:56Z" name="BDD Test Suite" finished-at="2023-10-04T18:14:21Z" duration-ms="25169">
    <groups>
      <group name="cucumber">
        <method signature="AbstractTestNGCucumberTests.runScenario(cucumber.api.testng.PickleEventWrapper, cucumber.api.testng.CucumberFeatureWrapper)[pri:0, instance:com.crowdar.bdd.cukes.TestNGSecuencialRunner@2145b572]" name="runScenario" class="cucumber.api.testng.AbstractTestNGCucumberTests"/>
      </group> <!-- cucumber -->
    </groups>
    <test started-at="2023-10-04T18:13:56Z" name="TestNg Secuencial runner Tests" finished-at="2023-10-04T18:14:21Z" duration-ms="25169">
      <class name="com.crowdar.bdd.cukes.TestNGSecuencialRunner">
        <test-method is-config="true" signature="setUpClass()[pri:0, instance:com.crowdar.bdd.cukes.TestNGSecuencialRunner@2145b572]" started-at="2023-10-04T18:13:56Z" name="setUpClass" finished-at="2023-10-04T18:13:57Z" duration-ms="336" status="PASS">
          <reporter-output>
          </reporter-output>
        </test-method> <!-- setUpClass -->
        <test-method signature="runScenario(cucumber.api.testng.PickleEventWrapper, cucumber.api.testng.CucumberFeatureWrapper)[pri:0, instance:com.crowdar.bdd.cukes.TestNGSecuencialRunner@2145b572]" started-at="2023-10-04T18:13:57Z" name="runScenario" description="Runs Cucumber Scenarios" data-provider="scenarios" finished-at="2023-10-04T18:14:03Z" duration-ms="6331" status="PASS">
          <params>
            <param index="0">
              <value>
                <![CDATA["Search"]]>
              </value>
            </param>
            <param index="1">
              <value>
                <![CDATA["As a potential client i need to search in google to find a web site"]]>
              </value>
            </param>
          </params>
          <reporter-output>
          </reporter-output>
        </test-method> <!-- runScenario -->
        <test-method signature="runScenario(cucumber.api.testng.PickleEventWrapper, cucumber.api.testng.CucumberFeatureWrapper)[pri:0, instance:com.crowdar.bdd.cukes.TestNGSecuencialRunner@2145b572]" started-at="2023-10-04T18:14:03Z" name="runScenario" description="Runs Cucumber Scenarios" data-provider="scenarios" finished-at="2023-10-04T18:14:08Z" duration-ms="4630" status="PASS">
          <params>
            <param index="0">
              <value>
                <![CDATA["Search"]]>
              </value>
            </param>
            <param index="1">
              <value>
                <![CDATA["As a potential client i need to search in google to find a web site"]]>
              </value>
            </param>
          </params>
          <reporter-output>
          </reporter-output>
        </test-method> <!-- runScenario -->
        <test-method signature="runScenario(cucumber.api.testng.PickleEventWrapper, cucumber.api.testng.CucumberFeatureWrapper)[pri:0, instance:com.crowdar.bdd.cukes.TestNGSecuencialRunner@2145b572]" started-at="2023-10-04T18:14:08Z" name="runScenario" description="Runs Cucumber Scenarios" data-provider="scenarios" finished-at="2023-10-04T18:14:14Z" duration-ms="6928" status="PASS">
          <params>
            <param index="0">
              <value>
                <![CDATA["Search"]]>
              </value>
            </param>
            <param index="1">
              <value>
                <![CDATA["As a potential client i need to search in google to find a web site"]]>
              </value>
            </param>
          </params>
          <reporter-output>
          </reporter-output>
        </test-method> <!-- runScenario -->
        <test-method signature="runScenario(cucumber.api.testng.PickleEventWrapper, cucumber.api.testng.CucumberFeatureWrapper)[pri:0, instance:com.crowdar.bdd.cukes.TestNGSecuencialRunner@2145b572]" started-at="2023-10-04T18:14:14Z" name="runScenario" description="Runs Cucumber Scenarios" data-provider="scenarios" finished-at="2023-10-04T18:14:21Z" duration-ms="6593" status="PASS">
          <params>
            <param index="0">
              <value>
                <![CDATA["Search"]]>
              </value>
            </param>
            <param index="1">
              <value>
                <![CDATA["As a potential client i need to search in google to find a web site"]]>
              </value>
            </param>
          </params>
          <reporter-output>
          </reporter-output>
        </test-method> <!-- runScenario -->
        <test-method is-config="true" signature="tearDownClass()[pri:0, instance:com.crowdar.bdd.cukes.TestNGSecuencialRunner@2145b572]" started-at="2023-10-04T18:14:21Z" name="tearDownClass" finished-at="2023-10-04T18:14:21Z" duration-ms="302" status="PASS">
          <reporter-output>
          </reporter-output>
        </test-method> <!-- tearDownClass -->
      </class> <!-- com.crowdar.bdd.cukes.TestNGSecuencialRunner -->
    </test> <!-- TestNg Secuencial runner Tests -->
  </suite> <!-- BDD Test Suite -->
</testng-results>
